<?xml version="1.0" encoding="UTF-8"?>
<testng-results skipped="0" failed="0" ignored="0" total="1" passed="1">
  <reporter-output>
  </reporter-output>
  <suite name="Default suite" duration-ms="3453" started-at="2023-07-23T19:07:28Z" finished-at="2023-07-23T19:07:31Z">
    <groups>
    </groups>
    <test name="Default test" duration-ms="3453" started-at="2023-07-23T19:07:28Z" finished-at="2023-07-23T19:07:31Z">
      <class name="apiChaining.TestClass">
        <test-method status="PASS" signature="runtestCases()[pri:0, instance:apiChaining.TestClass@7cbd213e]" name="runtestCases" duration-ms="3428" started-at="2023-07-23T19:07:28Z" finished-at="2023-07-23T19:07:31Z">
          <reporter-output>
          </reporter-output>
        </test-method> <!-- runtestCases -->
      </class> <!-- apiChaining.TestClass -->
    </test> <!-- Default test -->
  </suite> <!-- Default suite -->
</testng-results>
